0 info it worked if it ends with ok
1 verbose cli [ '/usr/local/bin/node', '/usr/local/bin/npm', 'run', 'dev' ]
2 info using npm@6.13.7
3 info using node@v13.11.0
4 verbose run-script [ 'predev', 'dev', 'postdev' ]
5 info lifecycle with-typescript@1.0.0~predev: with-typescript@1.0.0
6 info lifecycle with-typescript@1.0.0~dev: with-typescript@1.0.0
7 verbose lifecycle with-typescript@1.0.0~dev: unsafe-perm in lifecycle true
8 verbose lifecycle with-typescript@1.0.0~dev: PATH: /usr/local/lib/node_modules/npm/node_modules/npm-lifecycle/node-gyp-bin:/usr/src/app/node_modules/.bin:/usr/local/sbin:/usr/local/bin:/usr/sbin:/usr/bin:/sbin:/bin
9 verbose lifecycle with-typescript@1.0.0~dev: CWD: /usr/src/app
10 silly lifecycle with-typescript@1.0.0~dev: Args: [ '-c', 'next' ]
11 silly lifecycle with-typescript@1.0.0~dev: Returned: code: 1  signal: null
12 info lifecycle with-typescript@1.0.0~dev: Failed to exec dev script
13 verbose stack Error: with-typescript@1.0.0 dev: `next`
13 verbose stack Exit status 1
13 verbose stack     at EventEmitter.<anonymous> (/usr/local/lib/node_modules/npm/node_modules/npm-lifecycle/index.js:332:16)
13 verbose stack     at EventEmitter.emit (events.js:315:20)
13 verbose stack     at ChildProcess.<anonymous> (/usr/local/lib/node_modules/npm/node_modules/npm-lifecycle/lib/spawn.js:55:14)
13 verbose stack     at ChildProcess.emit (events.js:315:20)
13 verbose stack     at maybeClose (internal/child_process.js:1026:16)
13 verbose stack     at Process.ChildProcess._handle.onexit (internal/child_process.js:286:5)
14 verbose pkgid with-typescript@1.0.0
15 verbose cwd /usr/src/app
16 verbose Linux 4.19.76-linuxkit
17 verbose argv "/usr/local/bin/node" "/usr/local/bin/npm" "run" "dev"
18 verbose node v13.11.0
19 verbose npm  v6.13.7
20 error code ELIFECYCLE
21 error errno 1
22 error with-typescript@1.0.0 dev: `next`
22 error Exit status 1
23 error Failed at the with-typescript@1.0.0 dev script.
23 error This is probably not a problem with npm. There is likely additional logging output above.
24 verbose exit [ 1, true ]
